<?xml version="1.0" encoding="UTF-8"?>
<!-- Generated by org.testng.reporters.JUnitReportReporter -->
<testsuite skipped="0" hostname="DESKTOP-DK10T04" name="com.qa.Aprill.Seleniumm.Testclass" tests="1" failures="0" timestamp="06 Apr 2019 13:40:52 GMT" time="29.649" errors="0">
  <testcase name="f1" time="29.649" classname="com.qa.Aprill.Seleniumm.Testclass"/>
</testsuite> <!-- com.qa.Aprill.Seleniumm.Testclass -->
